c:\users\father\desktop\cs\csgo-full-kernel\csgofullkernel\x64\release\vc143.pdb
c:\users\father\desktop\cs\csgo-full-kernel\csgofullkernel\x64\release\main.obj
c:\users\father\desktop\cs\csgo-full-kernel\csgofullkernel\x64\release\cheatdriver.sys
c:\users\father\desktop\cs\csgo-full-kernel\csgofullkernel\x64\release\cheatdriver.pdb
c:\users\father\desktop\cs\csgo-full-kernel\csgofullkernel\x64\release\cheatdriver.lib
c:\users\father\desktop\cs\csgo-full-kernel\csgofullkernel\x64\release\cheatdriver.exp
c:\users\father\desktop\cs\csgo-full-kernel\csgofullkernel\x64\release\cheatdriver.inf
c:\users\father\desktop\cs\csgo-full-kernel\csgofullkernel\x64\release\kdmapper.pdb
c:\users\father\desktop\cs\csgo-full-kernel\csgofullkernel\x64\release\cheat driver.tlog\cl.command.1.tlog
c:\users\father\desktop\cs\csgo-full-kernel\csgofullkernel\x64\release\cheat driver.tlog\cl.read.1.tlog
c:\users\father\desktop\cs\csgo-full-kernel\csgofullkernel\x64\release\cheat driver.tlog\cl.write.1.tlog
c:\users\father\desktop\cs\csgo-full-kernel\csgofullkernel\x64\release\cheat driver.tlog\link.command.1.tlog
c:\users\father\desktop\cs\csgo-full-kernel\csgofullkernel\x64\release\cheat driver.tlog\link.read.1.tlog
c:\users\father\desktop\cs\csgo-full-kernel\csgofullkernel\x64\release\cheat driver.tlog\link.write.1.tlog
c:\users\father\desktop\cs\csgo-full-kernel\csgofullkernel\x64\release\cheat driver.tlog\link.write.2u.tlog
c:\users\father\desktop\cs\csgo-full-kernel\csgofullkernel\x64\release\cheat driver.tlog\signtool.command.1.tlog
c:\users\father\desktop\cs\csgo-full-kernel\csgofullkernel\x64\release\cheat driver.tlog\signtool.read.1.tlog
c:\users\father\desktop\cs\csgo-full-kernel\csgofullkernel\x64\release\cheat driver.tlog\signtool.timestamp.1.tlog
c:\users\father\desktop\cs\csgo-full-kernel\csgofullkernel\x64\release\cheat driver.tlog\signtool.write.1.tlog
c:\users\father\desktop\cs\csgo-full-kernel\csgofullkernel\x64\release\cheat driver.tlog\stampinf.command.1.tlog
c:\users\father\desktop\cs\csgo-full-kernel\csgofullkernel\x64\release\cheat driver.tlog\stampinf.read.1.tlog
c:\users\father\desktop\cs\csgo-full-kernel\csgofullkernel\x64\release\cheat driver.tlog\stampinf.write.1.tlog
